[7] AirBear PWA — ULTIMATE full-stack optimization gate
[i] Repo: /home/coden809/Projects/pwa5
[i] Reports: /home/coden809/Projects/pwa5/reports/quality/20251228-231721

[i] System: Linux pop-os 6.17.4-76061704-generic #202510191616~1762410050~22.04~898873a SMP PREEMPT_DYNAMIC Thu N x86_64 x86_64 x86_64 GNU/Linux
[i] Date: 2025-12-28T23:17:21-05:00
[i] Package manager: pnpm
[  3%] Ensuring base deps (git/curl/jq/ca-certs/unzip/python3)...
Hit:1 https://deb.nodesource.com/node_20.x nodistro InRelease
Hit:2 http://apt.pop-os.org/proprietary jammy InRelease
Hit:3 https://brave-browser-apt-release.s3.brave.com stable InRelease
Hit:4 https://windsurf-stable.codeiumdata.com/wVxQEIWkwPUEAGf3/apt stable InRelease
Hit:5 http://apt.pop-os.org/release jammy InRelease
Hit:6 https://download.docker.com/linux/ubuntu jammy InRelease
Hit:7 http://apt.pop-os.org/ubuntu jammy InRelease
Hit:8 http://apt.pop-os.org/ubuntu jammy-security InRelease
Hit:9 http://apt.pop-os.org/ubuntu jammy-updates InRelease
Hit:10 http://apt.pop-os.org/ubuntu jammy-backports InRelease
Hit:11 https://us-central1-apt.pkg.dev/projects/antigravity-auto-updater-dev antigravity-debian InRelease
Hit:12 https://repo.protonvpn.com/debian unstable InRelease
Hit:13 https://ppa.launchpadcontent.net/git-core/ppa/ubuntu jammy InRelease
Reading package lists...
E: dpkg was interrupted, you must manually run 'sudo dpkg --configure -a' to correct the problem. 
[!] Error on line 119
